{
  "RSpec": {
    "coverage": {
      "/Users/cmanessis/Desktop/makers/Projects/week2/battleships/spec/board_spec.rb": [
        1,
        null,
        1,
        1,
        1,
        1,
        null,
        null,
        1,
        1,
        1,
        1,
        null,
        null
      ],
      "/Users/cmanessis/Desktop/makers/Projects/week2/battleships/lib/board.rb": [
        1,
        1,
        null,
        1,
        null,
        1,
        null,
        1,
        5,
        5,
        null,
        null,
        1,
        null,
        2,
        null,
        null,
        null,
        null,
        null
      ],
      "/Users/cmanessis/Desktop/makers/Projects/week2/battleships/lib/player.rb": [
        1,
        1,
        1,
        2,
        null,
        null
      ],
      "/Users/cmanessis/Desktop/makers/Projects/week2/battleships/lib/ship.rb": [
        1,
        1,
        1,
        1,
        6,
        6,
        null,
        null
      ],
      "/Users/cmanessis/Desktop/makers/Projects/week2/battleships/spec/features/1player_1ship_spec.rb": [
        1,
        null,
        1,
        1,
        1,
        1,
        null,
        null,
        1,
        1,
        1,
        null,
        null,
        1,
        1,
        1,
        null,
        null,
        1,
        1,
        1,
        1,
        null,
        null,
        1,
        1,
        1,
        1,
        null,
        null,
        null
      ],
      "/Users/cmanessis/Desktop/makers/Projects/week2/battleships/spec/player_spec.rb": [
        1,
        null,
        1,
        1,
        1,
        1,
        null,
        null
      ],
      "/Users/cmanessis/Desktop/makers/Projects/week2/battleships/spec/port_spec.rb": [
        null
      ],
      "/Users/cmanessis/Desktop/makers/Projects/week2/battleships/spec/ship_spec.rb": [
        1,
        null,
        1,
        1,
        1,
        1,
        null,
        null,
        1,
        1,
        1,
        null,
        null
      ]
    },
    "timestamp": 1430919075
  }
}
